# JRE version: Java(TM) SE Runtime Environment (8.0_65-b17) (build 1.8.0_65-b17)
# Java VM: Java HotSpot(TM) 64-Bit Server VM (25.65-b01 mixed mode windows-amd64 compressed oops)
Heap:
 PSYoungGen      total 226304K, used 92643K [0x00000000d5f00000, 0x00000000eb380000, 0x0000000100000000)
  eden space 211968K, 36% used [0x00000000d5f00000,0x00000000dab7f1c0,0x00000000e2e00000)
  from space 14336K, 99% used [0x00000000e2e00000,0x00000000e3bf9a68,0x00000000e3c00000)
  to   space 16896K, 0% used [0x00000000ea300000,0x00000000ea300000,0x00000000eb380000)
 ParOldGen       total 90624K, used 17588K [0x0000000081c00000, 0x0000000087480000, 0x00000000d5f00000)
  object space 90624K, 19% used [0x0000000081c00000,0x0000000082d2d228,0x0000000087480000)
 Metaspace       used 48993K, capacity 50894K, committed 51200K, reserved 1093632K
  class space    used 6018K, capacity 6341K, committed 6400K, reserved 1048576K
GC Heap History (10 events):
Event: 2.274 GC heap before
{Heap before GC invocations=5 (full 1):
 PSYoungGen      total 138240K, used 5119K [0x00000000d5f00000, 0x00000000deb00000, 0x0000000100000000)
  eden space 133120K, 0% used [0x00000000d5f00000,0x00000000d5f00000,0x00000000de100000)
  from space 5120K, 99% used [0x00000000de600000,0x00000000deaffd70,0x00000000deb00000)
  to   space 5120K, 0% used [0x00000000de100000,0x00000000de100000,0x00000000de600000)
 ParOldGen       total 87552K, used 5366K [0x0000000081c00000, 0x0000000087180000, 0x00000000d5f00000)
  object space 87552K, 6% used [0x0000000081c00000,0x000000008213d9c0,0x0000000087180000)
 Metaspace       used 20605K, capacity 21068K, committed 21248K, reserved 1067008K
  class space    used 2573K, capacity 2708K, committed 2816K, reserved 1048576K
Event: 2.335 GC heap after
Heap after GC invocations=5 (full 1):
 PSYoungGen      total 138240K, used 0K [0x00000000d5f00000, 0x00000000deb00000, 0x0000000100000000)
  eden space 133120K, 0% used [0x00000000d5f00000,0x00000000d5f00000,0x00000000de100000)
  from space 5120K, 0% used [0x00000000de600000,0x00000000de600000,0x00000000deb00000)
  to   space 5120K, 0% used [0x00000000de100000,0x00000000de100000,0x00000000de600000)
 ParOldGen       total 58368K, used 8161K [0x0000000081c00000, 0x0000000085500000, 0x00000000d5f00000)
  object space 58368K, 13% used [0x0000000081c00000,0x00000000823f8590,0x0000000085500000)
 Metaspace       used 20604K, capacity 21062K, committed 21248K, reserved 1067008K
  class space    used 2572K, capacity 2707K, committed 2816K, reserved 1048576K
}
Event: 3.756 GC heap before
{Heap before GC invocations=6 (full 1):
 PSYoungGen      total 138240K, used 133120K [0x00000000d5f00000, 0x00000000deb00000, 0x0000000100000000)
  eden space 133120K, 100% used [0x00000000d5f00000,0x00000000de100000,0x00000000de100000)
  from space 5120K, 0% used [0x00000000de600000,0x00000000de600000,0x00000000deb00000)
  to   space 5120K, 0% used [0x00000000de100000,0x00000000de100000,0x00000000de600000)
 ParOldGen       total 58368K, used 8161K [0x0000000081c00000, 0x0000000085500000, 0x00000000d5f00000)
  object space 58368K, 13% used [0x0000000081c00000,0x00000000823f8590,0x0000000085500000)
 Metaspace       used 28783K, capacity 29620K, committed 29824K, reserved 1075200K
  class space    used 3653K, capacity 3876K, committed 3968K, reserved 1048576K
Event: 3.822 GC heap after
Heap after GC invocations=6 (full 1):
 PSYoungGen      total 138240K, used 5093K [0x00000000d5f00000, 0x00000000e4a00000, 0x0000000100000000)
  eden space 133120K, 0% used [0x00000000d5f00000,0x00000000d5f00000,0x00000000de100000)
  from space 5120K, 99% used [0x00000000de100000,0x00000000de5f94b8,0x00000000de600000)
  to   space 11776K, 0% used [0x00000000e3e80000,0x00000000e3e80000,0x00000000e4a00000)
 ParOldGen       total 58368K, used 12827K [0x0000000081c00000, 0x0000000085500000, 0x00000000d5f00000)
  object space 58368K, 21% used [0x0000000081c00000,0x0000000082886cb0,0x0000000085500000)
 Metaspace       used 28783K, capacity 29620K, committed 29824K, reserved 1075200K
  class space    used 3653K, capacity 3876K, committed 3968K, reserved 1048576K
}
Event: 5.181 GC heap before
{Heap before GC invocations=7 (full 1):
 PSYoungGen      total 138240K, used 94582K [0x00000000d5f00000, 0x00000000e4a00000, 0x0000000100000000)
  eden space 133120K, 67% used [0x00000000d5f00000,0x00000000db6643e8,0x00000000de100000)
  from space 5120K, 99% used [0x00000000de100000,0x00000000de5f94b8,0x00000000de600000)
  to   space 11776K, 0% used [0x00000000e3e80000,0x00000000e3e80000,0x00000000e4a00000)
 ParOldGen       total 58368K, used 12827K [0x0000000081c00000, 0x0000000085500000, 0x00000000d5f00000)
  object space 58368K, 21% used [0x0000000081c00000,0x0000000082886cb0,0x0000000085500000)
 Metaspace       used 34068K, capacity 35334K, committed 35416K, reserved 1081344K
  class space    used 4328K, capacity 4593K, committed 4608K, reserved 1048576K
Event: 5.200 GC heap after
Heap after GC invocations=7 (full 1):
 PSYoungGen      total 222720K, used 11758K [0x00000000d5f00000, 0x00000000e4a00000, 0x0000000100000000)
  eden space 210944K, 0% used [0x00000000d5f00000,0x00000000d5f00000,0x00000000e2d00000)
  from space 11776K, 99% used [0x00000000e3e80000,0x00000000e49fba10,0x00000000e4a00000)
  to   space 14336K, 0% used [0x00000000e2e00000,0x00000000e2e00000,0x00000000e3c00000)
 ParOldGen       total 58368K, used 13863K [0x0000000081c00000, 0x0000000085500000, 0x00000000d5f00000)
  object space 58368K, 23% used [0x0000000081c00000,0x0000000082989e88,0x0000000085500000)
 Metaspace       used 34068K, capacity 35334K, committed 35416K, reserved 1081344K
  class space    used 4328K, capacity 4593K, committed 4608K, reserved 1048576K
}
Event: 5.200 GC heap before
{Heap before GC invocations=8 (full 2):
 PSYoungGen      total 222720K, used 11758K [0x00000000d5f00000, 0x00000000e4a00000, 0x0000000100000000)
  eden space 210944K, 0% used [0x00000000d5f00000,0x00000000d5f00000,0x00000000e2d00000)
  from space 11776K, 99% used [0x00000000e3e80000,0x00000000e49fba10,0x00000000e4a00000)
  to   space 14336K, 0% used [0x00000000e2e00000,0x00000000e2e00000,0x00000000e3c00000)
 ParOldGen       total 58368K, used 13863K [0x0000000081c00000, 0x0000000085500000, 0x00000000d5f00000)
  object space 58368K, 23% used [0x0000000081c00000,0x0000000082989e88,0x0000000085500000)
 Metaspace       used 34068K, capacity 35334K, committed 35416K, reserved 1081344K
  class space    used 4328K, capacity 4593K, committed 4608K, reserved 1048576K
Event: 5.313 GC heap after
Heap after GC invocations=8 (full 2):
 PSYoungGen      total 222720K, used 0K [0x00000000d5f00000, 0x00000000e4a00000, 0x0000000100000000)
  eden space 210944K, 0% used [0x00000000d5f00000,0x00000000d5f00000,0x00000000e2d00000)
  from space 11776K, 0% used [0x00000000e3e80000,0x00000000e3e80000,0x00000000e4a00000)
  to   space 14336K, 0% used [0x00000000e2e00000,0x00000000e2e00000,0x00000000e3c00000)
 ParOldGen       total 90624K, used 16780K [0x0000000081c00000, 0x0000000087480000, 0x00000000d5f00000)
  object space 90624K, 18% used [0x0000000081c00000,0x0000000082c63010,0x0000000087480000)
 Metaspace       used 34068K, capacity 35334K, committed 35416K, reserved 1081344K
  class space    used 4328K, capacity 4593K, committed 4608K, reserved 1048576K
}
Event: 8.168 GC heap before
{Heap before GC invocations=9 (full 2):
 PSYoungGen      total 222720K, used 210944K [0x00000000d5f00000, 0x00000000e4a00000, 0x0000000100000000)
  eden space 210944K, 100% used [0x00000000d5f00000,0x00000000e2d00000,0x00000000e2d00000)
  from space 11776K, 0% used [0x00000000e3e80000,0x00000000e3e80000,0x00000000e4a00000)
  to   space 14336K, 0% used [0x00000000e2e00000,0x00000000e2e00000,0x00000000e3c00000)
 ParOldGen       total 90624K, used 16780K [0x0000000081c00000, 0x0000000087480000, 0x00000000d5f00000)
  object space 90624K, 18% used [0x0000000081c00000,0x0000000082c63010,0x0000000087480000)
 Metaspace       used 45731K, capacity 47446K, committed 47744K, reserved 1091584K
  class space    used 5621K, capacity 5929K, committed 6016K, reserved 1048576K
Event: 8.213 GC heap after
Heap after GC invocations=9 (full 2):
 PSYoungGen      total 226304K, used 14310K [0x00000000d5f00000, 0x00000000eb380000, 0x0000000100000000)
  eden space 211968K, 0% used [0x00000000d5f00000,0x00000000d5f00000,0x00000000e2e00000)
  from space 14336K, 99% used [0x00000000e2e00000,0x00000000e3bf9a68,0x00000000e3c00000)
  to   space 16896K, 0% used [0x00000000ea300000,0x00000000ea300000,0x00000000eb380000)
 ParOldGen       total 90624K, used 17588K [0x0000000081c00000, 0x0000000087480000, 0x00000000d5f00000)
  object space 90624K, 19% used [0x0000000081c00000,0x0000000082d2d228,0x0000000087480000)
 Metaspace       used 45731K, capacity 47446K, committed 47744K, reserved 1091584K
  class space    used 5621K, capacity 5929K, committed 6016K, reserved 1048576K
}

